# JRE version: OpenJDK Runtime Environment (8.0_151-b12) (build 1.8.0_151-8u151-b12-0ubuntu0.16.04.2-b12)
# Java VM: OpenJDK 64-Bit Server VM (25.151-b12 mixed mode linux-amd64 compressed oops)
Heap:
 PSYoungGen      total 15872K, used 3199K [0x00000000ebf00000, 0x00000000ed500000, 0x0000000100000000)
  eden space 10240K, 31% used [0x00000000ebf00000,0x00000000ec21fc18,0x00000000ec900000)
  from space 5632K, 0% used [0x00000000ecf80000,0x00000000ecf80000,0x00000000ed500000)
  to   space 6144K, 0% used [0x00000000ec900000,0x00000000ec900000,0x00000000ecf00000)
 ParOldGen       total 48128K, used 12829K [0x00000000c3c00000, 0x00000000c6b00000, 0x00000000ebf00000)
  object space 48128K, 26% used [0x00000000c3c00000,0x00000000c4887718,0x00000000c6b00000)
 Metaspace       used 39136K, capacity 40480K, committed 40704K, reserved 1085440K
  class space    used 5021K, capacity 5310K, committed 5376K, reserved 1048576K
GC Heap History (10 events):
Event: 14033.998 GC heap before
{Heap before GC invocations=81 (full 26):
 PSYoungGen      total 18432K, used 11776K [0x00000000ebf00000, 0x00000000ed880000, 0x0000000100000000)
  eden space 11776K, 100% used [0x00000000ebf00000,0x00000000eca80000,0x00000000eca80000)
  from space 6656K, 0% used [0x00000000ed200000,0x00000000ed200000,0x00000000ed880000)
  to   space 7168K, 0% used [0x00000000eca80000,0x00000000eca80000,0x00000000ed180000)
 ParOldGen       total 48128K, used 14193K [0x00000000c3c00000, 0x00000000c6b00000, 0x00000000ebf00000)
  object space 48128K, 29% used [0x00000000c3c00000,0x00000000c49dc5b8,0x00000000c6b00000)
 Metaspace       used 39128K, capacity 40450K, committed 40704K, reserved 1085440K
  class space    used 5022K, capacity 5315K, committed 5376K, reserved 1048576K
Event: 14034.315 GC heap after
Heap after GC invocations=81 (full 26):
 PSYoungGen      total 11776K, used 392K [0x00000000ebf00000, 0x00000000ed800000, 0x0000000100000000)
  eden space 11264K, 0% used [0x00000000ebf00000,0x00000000ebf00000,0x00000000eca00000)
  from space 512K, 76% used [0x00000000eca80000,0x00000000ecae2010,0x00000000ecb00000)
  to   space 7168K, 0% used [0x00000000ed100000,0x00000000ed100000,0x00000000ed800000)
 ParOldGen       total 48128K, used 14201K [0x00000000c3c00000, 0x00000000c6b00000, 0x00000000ebf00000)
  object space 48128K, 29% used [0x00000000c3c00000,0x00000000c49de5b8,0x00000000c6b00000)
 Metaspace       used 39128K, capacity 40450K, committed 40704K, reserved 1085440K
  class space    used 5022K, capacity 5315K, committed 5376K, reserved 1048576K
}
Event: 15248.242 GC heap before
{Heap before GC invocations=82 (full 26):
 PSYoungGen      total 11776K, used 11656K [0x00000000ebf00000, 0x00000000ed800000, 0x0000000100000000)
  eden space 11264K, 100% used [0x00000000ebf00000,0x00000000eca00000,0x00000000eca00000)
  from space 512K, 76% used [0x00000000eca80000,0x00000000ecae2010,0x00000000ecb00000)
  to   space 7168K, 0% used [0x00000000ed100000,0x00000000ed100000,0x00000000ed800000)
 ParOldGen       total 48128K, used 14201K [0x00000000c3c00000, 0x00000000c6b00000, 0x00000000ebf00000)
  object space 48128K, 29% used [0x00000000c3c00000,0x00000000c49de5b8,0x00000000c6b00000)
 Metaspace       used 39135K, capacity 40450K, committed 40704K, reserved 1085440K
  class space    used 5022K, capacity 5315K, committed 5376K, reserved 1048576K
Event: 15248.260 GC heap after
Heap after GC invocations=82 (full 26):
 PSYoungGen      total 16384K, used 368K [0x00000000ebf00000, 0x00000000ed680000, 0x0000000100000000)
  eden space 10752K, 0% used [0x00000000ebf00000,0x00000000ebf00000,0x00000000ec980000)
  from space 5632K, 6% used [0x00000000ed100000,0x00000000ed15c020,0x00000000ed680000)
  to   space 6656K, 0% used [0x00000000ec980000,0x00000000ec980000,0x00000000ed000000)
 ParOldGen       total 48128K, used 14201K [0x00000000c3c00000, 0x00000000c6b00000, 0x00000000ebf00000)
  object space 48128K, 29% used [0x00000000c3c00000,0x00000000c49de5b8,0x00000000c6b00000)
 Metaspace       used 39135K, capacity 40450K, committed 40704K, reserved 1085440K
  class space    used 5022K, capacity 5315K, committed 5376K, reserved 1048576K
}
Event: 16404.138 GC heap before
{Heap before GC invocations=83 (full 26):
 PSYoungGen      total 16384K, used 11120K [0x00000000ebf00000, 0x00000000ed680000, 0x0000000100000000)
  eden space 10752K, 100% used [0x00000000ebf00000,0x00000000ec980000,0x00000000ec980000)
  from space 5632K, 6% used [0x00000000ed100000,0x00000000ed15c020,0x00000000ed680000)
  to   space 6656K, 0% used [0x00000000ec980000,0x00000000ec980000,0x00000000ed000000)
 ParOldGen       total 48128K, used 14201K [0x00000000c3c00000, 0x00000000c6b00000, 0x00000000ebf00000)
  object space 48128K, 29% used [0x00000000c3c00000,0x00000000c49de5b8,0x00000000c6b00000)
 Metaspace       used 39137K, capacity 40450K, committed 40704K, reserved 1085440K
  class space    used 5022K, capacity 5315K, committed 5376K, reserved 1048576K
Event: 16404.144 GC heap after
Heap after GC invocations=83 (full 26):
 PSYoungGen      total 10752K, used 192K [0x00000000ebf00000, 0x00000000ed600000, 0x0000000100000000)
  eden space 10240K, 0% used [0x00000000ebf00000,0x00000000ebf00000,0x00000000ec900000)
  from space 512K, 37% used [0x00000000ec980000,0x00000000ec9b0000,0x00000000eca00000)
  to   space 6656K, 0% used [0x00000000ecf80000,0x00000000ecf80000,0x00000000ed600000)
 ParOldGen       total 48128K, used 14337K [0x00000000c3c00000, 0x00000000c6b00000, 0x00000000ebf00000)
  object space 48128K, 29% used [0x00000000c3c00000,0x00000000c4a005c8,0x00000000c6b00000)
 Metaspace       used 39137K, capacity 40450K, committed 40704K, reserved 1085440K
  class space    used 5022K, capacity 5315K, committed 5376K, reserved 1048576K
}
Event: 16499.015 GC heap before
{Heap before GC invocations=84 (full 26):
 PSYoungGen      total 10752K, used 1117K [0x00000000ebf00000, 0x00000000ed600000, 0x0000000100000000)
  eden space 10240K, 9% used [0x00000000ebf00000,0x00000000ebfe7540,0x00000000ec900000)
  from space 512K, 37% used [0x00000000ec980000,0x00000000ec9b0000,0x00000000eca00000)
  to   space 6656K, 0% used [0x00000000ecf80000,0x00000000ecf80000,0x00000000ed600000)
 ParOldGen       total 48128K, used 14337K [0x00000000c3c00000, 0x00000000c6b00000, 0x00000000ebf00000)
  object space 48128K, 29% used [0x00000000c3c00000,0x00000000c4a005c8,0x00000000c6b00000)
 Metaspace       used 39137K, capacity 40450K, committed 40704K, reserved 1085440K
  class space    used 5022K, capacity 5315K, committed 5376K, reserved 1048576K
Event: 16499.024 GC heap after
Heap after GC invocations=84 (full 26):
 PSYoungGen      total 15872K, used 128K [0x00000000ebf00000, 0x00000000ed500000, 0x0000000100000000)
  eden space 10240K, 0% used [0x00000000ebf00000,0x00000000ebf00000,0x00000000ec900000)
  from space 5632K, 2% used [0x00000000ecf80000,0x00000000ecfa0000,0x00000000ed500000)
  to   space 6144K, 0% used [0x00000000ec900000,0x00000000ec900000,0x00000000ecf00000)
 ParOldGen       total 48128K, used 14369K [0x00000000c3c00000, 0x00000000c6b00000, 0x00000000ebf00000)
  object space 48128K, 29% used [0x00000000c3c00000,0x00000000c4a085c8,0x00000000c6b00000)
 Metaspace       used 39137K, capacity 40450K, committed 40704K, reserved 1085440K
  class space    used 5022K, capacity 5315K, committed 5376K, reserved 1048576K
}
Event: 16499.024 GC heap before
{Heap before GC invocations=85 (full 27):
 PSYoungGen      total 15872K, used 128K [0x00000000ebf00000, 0x00000000ed500000, 0x0000000100000000)
  eden space 10240K, 0% used [0x00000000ebf00000,0x00000000ebf00000,0x00000000ec900000)
  from space 5632K, 2% used [0x00000000ecf80000,0x00000000ecfa0000,0x00000000ed500000)
  to   space 6144K, 0% used [0x00000000ec900000,0x00000000ec900000,0x00000000ecf00000)
 ParOldGen       total 48128K, used 14369K [0x00000000c3c00000, 0x00000000c6b00000, 0x00000000ebf00000)
  object space 48128K, 29% used [0x00000000c3c00000,0x00000000c4a085c8,0x00000000c6b00000)
 Metaspace       used 39137K, capacity 40450K, committed 40704K, reserved 1085440K
  class space    used 5022K, capacity 5315K, committed 5376K, reserved 1048576K
Event: 16500.148 GC heap after
Heap after GC invocations=85 (full 27):
 PSYoungGen      total 15872K, used 0K [0x00000000ebf00000, 0x00000000ed500000, 0x0000000100000000)
  eden space 10240K, 0% used [0x00000000ebf00000,0x00000000ebf00000,0x00000000ec900000)
  from space 5632K, 0% used [0x00000000ecf80000,0x00000000ecf80000,0x00000000ed500000)
  to   space 6144K, 0% used [0x00000000ec900000,0x00000000ec900000,0x00000000ecf00000)
 ParOldGen       total 48128K, used 12829K [0x00000000c3c00000, 0x00000000c6b00000, 0x00000000ebf00000)
  object space 48128K, 26% used [0x00000000c3c00000,0x00000000c4887718,0x00000000c6b00000)
 Metaspace       used 39107K, capacity 40402K, committed 40704K, reserved 1085440K
  class space    used 5017K, capacity 5307K, committed 5376K, reserved 1048576K
}

